<?xml version="1.0" encoding="UTF-8"?>
<testng-results skipped="0" failed="1" total="2" passed="1">
  <reporter-output>
  </reporter-output>
  <suite name="Suite" duration-ms="34310" started-at="2018-04-18T05:31:49Z" finished-at="2018-04-18T05:32:24Z">
    <groups>
    </groups>
    <test name="Test" duration-ms="34310" started-at="2018-04-18T05:31:49Z" finished-at="2018-04-18T05:32:24Z">
      <class name="com.rani.automation.bussinessscripts.FbTest">
        <test-method status="PASS" signature="beforeTCExecution(java.lang.reflect.Method)[pri:0, instance:com.rani.automation.bussinessscripts.FbTest@548e7350]" name="beforeTCExecution" is-config="true" duration-ms="1" started-at="2018-04-18T11:02:17Z" finished-at="2018-04-18T11:02:17Z">
          <params>
            <param index="0">
              <value>
                <![CDATA[public void com.rani.automation.bussinessscripts.FbTest.fbTest()]]>
              </value>
            </param>
          </params>
          <reporter-output>
          </reporter-output>
        </test-method> <!-- beforeTCExecution -->
        <test-method status="PASS" signature="fbTest()[pri:0, instance:com.rani.automation.bussinessscripts.FbTest@548e7350]" name="fbTest" duration-ms="6721" started-at="2018-04-18T11:02:17Z" finished-at="2018-04-18T11:02:24Z">
          <reporter-output>
          </reporter-output>
        </test-method> <!-- fbTest -->
        <test-method status="PASS" signature="afterTCEexcution(org.testng.ITestResult)[pri:0, instance:com.rani.automation.bussinessscripts.FbTest@548e7350]" name="afterTCEexcution" is-config="true" duration-ms="0" started-at="2018-04-18T11:02:24Z" finished-at="2018-04-18T11:02:24Z">
          <params>
            <param index="0">
              <value>
                <![CDATA[[TestResult name=fbTest status=SUCCESS method=FbTest.fbTest()[pri:0, instance:com.rani.automation.bussinessscripts.FbTest@548e7350] output={null}]]]>
              </value>
            </param>
          </params>
          <reporter-output>
          </reporter-output>
        </test-method> <!-- afterTCEexcution -->
      </class> <!-- com.rani.automation.bussinessscripts.FbTest -->
      <class name="com.rani.automation.bussinessscripts.GmailTest">
        <test-method status="PASS" signature="browserOpen(java.lang.String)[pri:0, instance:com.rani.automation.bussinessscripts.GmailTest@5442a311]" name="browserOpen" is-config="true" duration-ms="7579" started-at="2018-04-18T11:01:42Z" finished-at="2018-04-18T11:01:49Z">
          <params>
            <param index="0">
              <value>
                <![CDATA[firefox]]>
              </value>
            </param>
          </params>
          <reporter-output>
          </reporter-output>
        </test-method> <!-- browserOpen -->
        <test-method status="FAIL" signature="gmailTest()[pri:0, instance:com.rani.automation.bussinessscripts.GmailTest@5442a311]" name="gmailTest" duration-ms="27445" started-at="2018-04-18T11:01:49Z" finished-at="2018-04-18T11:02:17Z">
          <exception class="org.openqa.selenium.NoSuchElementException">
            <message>
              <![CDATA[Unable to locate element: {"method":"id","selector":"identifi"}
Command duration or timeout: 20.11 seconds
For documentation on this error, please visit: http://seleniumhq.org/exceptions/no_such_element.html
Build info: version: '2.53.1', revision: 'a36b8b1', time: '2016-06-30 17:32:46'
System info: host: 'DESKTOP-HEF8876', ip: '172.20.10.5', os.name: 'Windows 10', os.arch: 'amd64', os.version: '10.0', java.version: '1.8.0_121'
Driver info: org.openqa.selenium.firefox.FirefoxDriver
Capabilities [{applicationCacheEnabled=true, rotatable=false, handlesAlerts=true, databaseEnabled=true, version=47.0.2, platform=WINDOWS, nativeEvents=false, acceptSslCerts=true, webStorageEnabled=true, locationContextEnabled=true, browserName=firefox, takesScreenshot=true, javascriptEnabled=true, cssSelectorsEnabled=true}]
Session ID: f1d3f969-dfcf-43c5-af04-689f55e34030
*** Element info: {Using=id, value=identifi}]]>
            </message>
            <full-stacktrace>
              <![CDATA[org.openqa.selenium.NoSuchElementException: Unable to locate element: {"method":"id","selector":"identifi"}
Command duration or timeout: 20.11 seconds
For documentation on this error, please visit: http://seleniumhq.org/exceptions/no_such_element.html
Build info: version: '2.53.1', revision: 'a36b8b1', time: '2016-06-30 17:32:46'
System info: host: 'DESKTOP-HEF8876', ip: '172.20.10.5', os.name: 'Windows 10', os.arch: 'amd64', os.version: '10.0', java.version: '1.8.0_121'
Driver info: org.openqa.selenium.firefox.FirefoxDriver
Capabilities [{applicationCacheEnabled=true, rotatable=false, handlesAlerts=true, databaseEnabled=true, version=47.0.2, platform=WINDOWS, nativeEvents=false, acceptSslCerts=true, webStorageEnabled=true, locationContextEnabled=true, browserName=firefox, takesScreenshot=true, javascriptEnabled=true, cssSelectorsEnabled=true}]
Session ID: f1d3f969-dfcf-43c5-af04-689f55e34030
*** Element info: {Using=id, value=identifi}
	at sun.reflect.NativeConstructorAccessorImpl.newInstance0(Native Method)
	at sun.reflect.NativeConstructorAccessorImpl.newInstance(Unknown Source)
	at sun.reflect.DelegatingConstructorAccessorImpl.newInstance(Unknown Source)
	at java.lang.reflect.Constructor.newInstance(Unknown Source)
	at org.openqa.selenium.remote.ErrorHandler.createThrowable(ErrorHandler.java:206)
	at org.openqa.selenium.remote.ErrorHandler.throwIfResponseFailed(ErrorHandler.java:158)
	at org.openqa.selenium.remote.RemoteWebDriver.execute(RemoteWebDriver.java:678)
	at org.openqa.selenium.remote.RemoteWebDriver.findElement(RemoteWebDriver.java:363)
	at org.openqa.selenium.remote.RemoteWebDriver.findElementById(RemoteWebDriver.java:413)
	at org.openqa.selenium.By$ById.findElement(By.java:218)
	at org.openqa.selenium.remote.RemoteWebDriver.findElement(RemoteWebDriver.java:355)
	at com.rani.automation.bussinessscripts.GmailTest.gmailTest(GmailTest.java:15)
	at sun.reflect.NativeMethodAccessorImpl.invoke0(Native Method)
	at sun.reflect.NativeMethodAccessorImpl.invoke(Unknown Source)
	at sun.reflect.DelegatingMethodAccessorImpl.invoke(Unknown Source)
	at java.lang.reflect.Method.invoke(Unknown Source)
	at org.testng.internal.MethodInvocationHelper.invokeMethod(MethodInvocationHelper.java:85)
	at org.testng.internal.Invoker.invokeMethod(Invoker.java:639)
	at org.testng.internal.Invoker.invokeTestMethod(Invoker.java:816)
	at org.testng.internal.Invoker.invokeTestMethods(Invoker.java:1124)
	at org.testng.internal.TestMethodWorker.invokeTestMethods(TestMethodWorker.java:125)
	at org.testng.internal.TestMethodWorker.run(TestMethodWorker.java:108)
	at org.testng.TestRunner.privateRun(TestRunner.java:774)
	at org.testng.TestRunner.run(TestRunner.java:624)
	at org.testng.SuiteRunner.runTest(SuiteRunner.java:359)
	at org.testng.SuiteRunner.runSequentially(SuiteRunner.java:354)
	at org.testng.SuiteRunner.privateRun(SuiteRunner.java:312)
	at org.testng.SuiteRunner.run(SuiteRunner.java:261)
	at org.testng.SuiteRunnerWorker.runSuite(SuiteRunnerWorker.java:52)
	at org.testng.SuiteRunnerWorker.run(SuiteRunnerWorker.java:86)
	at org.testng.TestNG.runSuitesSequentially(TestNG.java:1215)
	at org.testng.TestNG.runSuitesLocally(TestNG.java:1140)
	at org.testng.TestNG.run(TestNG.java:1048)
	at org.testng.remote.AbstractRemoteTestNG.run(AbstractRemoteTestNG.java:114)
	at org.testng.remote.RemoteTestNG.initAndRun(RemoteTestNG.java:251)
	at org.testng.remote.RemoteTestNG.main(RemoteTestNG.java:77)
Caused by: org.openqa.selenium.NoSuchElementException: Unable to locate element: {"method":"id","selector":"identifi"}
For documentation on this error, please visit: http://seleniumhq.org/exceptions/no_such_element.html
Build info: version: '2.53.1', revision: 'a36b8b1', time: '2016-06-30 17:32:46'
System info: host: 'DESKTOP-HEF8876', ip: '172.20.10.5', os.name: 'Windows 10', os.arch: 'amd64', os.version: '10.0', java.version: '1.8.0_121'
Driver info: driver.version: unknown
	at <anonymous class>.FirefoxDriver.prototype.findElementInternal_(file:///C:/Users/me/AppData/Local/Temp/anonymous7147884609626711139webdriver-profile/extensions/fxdriver@googlecode.com/components/driver-component.js:10770)
	at <anonymous class>.fxdriver.Timer.prototype.setTimeout/<.notify(file:///C:/Users/me/AppData/Local/Temp/anonymous7147884609626711139webdriver-profile/extensions/fxdriver@googlecode.com/components/driver-component.js:625)
]]>
            </full-stacktrace>
          </exception> <!-- org.openqa.selenium.NoSuchElementException -->
          <reporter-output>
          </reporter-output>
        </test-method> <!-- gmailTest -->
        <test-method status="PASS" signature="beforeTCExecution(java.lang.reflect.Method)[pri:0, instance:com.rani.automation.bussinessscripts.GmailTest@5442a311]" name="beforeTCExecution" is-config="true" duration-ms="0" started-at="2018-04-18T11:01:49Z" finished-at="2018-04-18T11:01:49Z">
          <params>
            <param index="0">
              <value>
                <![CDATA[public void com.rani.automation.bussinessscripts.GmailTest.gmailTest()]]>
              </value>
            </param>
          </params>
          <reporter-output>
          </reporter-output>
        </test-method> <!-- beforeTCExecution -->
        <test-method status="PASS" signature="afterTCEexcution(org.testng.ITestResult)[pri:0, instance:com.rani.automation.bussinessscripts.GmailTest@5442a311]" name="afterTCEexcution" is-config="true" duration-ms="123" started-at="2018-04-18T11:02:17Z" finished-at="2018-04-18T11:02:17Z">
          <params>
            <param index="0">
              <value>
                <![CDATA[[TestResult name=gmailTest status=FAILURE method=GmailTest.gmailTest()[pri:0, instance:com.rani.automation.bussinessscripts.GmailTest@5442a311] output={null}]]]>
              </value>
            </param>
          </params>
          <reporter-output>
          </reporter-output>
        </test-method> <!-- afterTCEexcution -->
        <test-method status="PASS" signature="closeBrowser()[pri:0, instance:com.rani.automation.bussinessscripts.GmailTest@5442a311]" name="closeBrowser" is-config="true" duration-ms="80" started-at="2018-04-18T11:02:24Z" finished-at="2018-04-18T11:02:24Z">
          <reporter-output>
          </reporter-output>
        </test-method> <!-- closeBrowser -->
      </class> <!-- com.rani.automation.bussinessscripts.GmailTest -->
    </test> <!-- Test -->
  </suite> <!-- Suite -->
</testng-results>
